<?xml version="1.0" encoding="UTF-8"?>
<coverage generated="1739508048363" clover="3.2.0">
  <project timestamp="1739508048363" name="All files">
    <metrics statements="30" coveredstatements="30" conditionals="10" coveredconditionals="10" methods="8" coveredmethods="8" elements="48" coveredelements="48" complexity="0" loc="30" ncloc="30" packages="1" files="1" classes="1"/>
    <file name="i18n.ts" path="/Users/paullouismas/Git/i18n/src/lib/i18n.ts">
      <metrics statements="30" coveredstatements="30" conditionals="10" coveredconditionals="10" methods="8" coveredmethods="8"/>
      <line num="35" count="1" type="stmt"/>
      <line num="42" count="1" type="stmt"/>
      <line num="68" count="3" type="stmt"/>
      <line num="69" count="3" type="stmt"/>
      <line num="73" count="3" type="cond" truecount="2" falsecount="0"/>
      <line num="74" count="1" type="stmt"/>
      <line num="77" count="2" type="stmt"/>
      <line num="87" count="4" type="stmt"/>
      <line num="89" count="4" type="cond" truecount="2" falsecount="0"/>
      <line num="91" count="2" type="stmt"/>
      <line num="94" count="2" type="stmt"/>
      <line num="96" count="2" type="stmt"/>
      <line num="98" count="2" type="stmt"/>
      <line num="108" count="7" type="stmt"/>
      <line num="109" count="7" type="stmt"/>
      <line num="111" count="7" type="cond" truecount="2" falsecount="0"/>
      <line num="112" count="3" type="stmt"/>
      <line num="115" count="4" type="stmt"/>
      <line num="125" count="3" type="cond" truecount="2" falsecount="0"/>
      <line num="126" count="1" type="stmt"/>
      <line num="129" count="2" type="stmt"/>
      <line num="140" count="3" type="cond" truecount="2" falsecount="0"/>
      <line num="141" count="1" type="stmt"/>
      <line num="144" count="2" type="stmt"/>
      <line num="145" count="2" type="stmt"/>
      <line num="147" count="2" type="stmt"/>
      <line num="149" count="2" type="stmt"/>
      <line num="155" count="3" type="stmt"/>
      <line num="157" count="3" type="stmt"/>
      <line num="159" count="3" type="stmt"/>
    </file>
  </project>
</coverage>
