<?xml version="1.0" encoding="UTF-8"?>
<coverage generated="1742767882080" clover="3.2.0">
  <project timestamp="1742767882080" name="All files">
    <metrics statements="50" coveredstatements="50" conditionals="18" coveredconditionals="18" methods="13" coveredmethods="13" elements="81" coveredelements="81" complexity="0" loc="50" ncloc="50" packages="1" files="1" classes="1"/>
    <file name="i18n.ts" path="/Users/paullouismas/Git/i18n/src/lib/i18n.ts">
      <metrics statements="50" coveredstatements="50" conditionals="18" coveredconditionals="18" methods="13" coveredmethods="13"/>
      <line num="40" count="1" type="stmt"/>
      <line num="47" count="4" type="stmt"/>
      <line num="54" count="3" type="stmt"/>
      <line num="57" count="6" type="stmt"/>
      <line num="59" count="6" type="stmt"/>
      <line num="60" count="6" type="stmt"/>
      <line num="62" count="6" type="cond" truecount="2" falsecount="0"/>
      <line num="63" count="3" type="stmt"/>
      <line num="66" count="3" type="stmt"/>
      <line num="95" count="3" type="stmt"/>
      <line num="96" count="3" type="stmt"/>
      <line num="100" count="3" type="cond" truecount="2" falsecount="0"/>
      <line num="101" count="1" type="stmt"/>
      <line num="104" count="2" type="stmt"/>
      <line num="115" count="4" type="stmt"/>
      <line num="117" count="4" type="stmt"/>
      <line num="118" count="7" type="cond" truecount="2" falsecount="0"/>
      <line num="119" count="1" type="stmt"/>
      <line num="122" count="6" type="stmt"/>
      <line num="124" count="6" type="cond" truecount="2" falsecount="0"/>
      <line num="125" count="1" type="stmt"/>
      <line num="129" count="2" type="cond" truecount="2" falsecount="0"/>
      <line num="130" count="1" type="stmt"/>
      <line num="133" count="1" type="stmt"/>
      <line num="143" count="4" type="stmt"/>
      <line num="145" count="4" type="cond" truecount="2" falsecount="0"/>
      <line num="147" count="2" type="stmt"/>
      <line num="150" count="2" type="stmt"/>
      <line num="152" count="2" type="stmt"/>
      <line num="154" count="2" type="stmt"/>
      <line num="164" count="7" type="stmt"/>
      <line num="165" count="7" type="stmt"/>
      <line num="167" count="7" type="cond" truecount="2" falsecount="0"/>
      <line num="168" count="3" type="stmt"/>
      <line num="171" count="4" type="stmt"/>
      <line num="181" count="7" type="cond" truecount="2" falsecount="0"/>
      <line num="182" count="1" type="stmt"/>
      <line num="185" count="6" type="stmt"/>
      <line num="196" count="3" type="cond" truecount="2" falsecount="0"/>
      <line num="197" count="1" type="stmt"/>
      <line num="200" count="2" type="stmt"/>
      <line num="201" count="2" type="stmt"/>
      <line num="203" count="2" type="stmt"/>
      <line num="205" count="2" type="stmt"/>
      <line num="211" count="3" type="stmt"/>
      <line num="213" count="3" type="stmt"/>
      <line num="215" count="3" type="stmt"/>
      <line num="221" count="3" type="stmt"/>
      <line num="223" count="3" type="stmt"/>
      <line num="225" count="3" type="stmt"/>
    </file>
  </project>
</coverage>
