{"/Users/paullouismas/Git/i18n/src/lib/i18n.ts": {"path":"/Users/paullouismas/Git/i18n/src/lib/i18n.ts","statementMap":{"0":{"start":{"line":43,"column":4},"end":{"line":43,"column":null}},"1":{"start":{"line":50,"column":4},"end":{"line":50,"column":null}},"2":{"start":{"line":60,"column":85},"end":{"line":60,"column":null}},"3":{"start":{"line":80,"column":4},"end":{"line":80,"column":null}},"4":{"start":{"line":81,"column":4},"end":{"line":83,"column":null}},"5":{"start":{"line":85,"column":4},"end":{"line":87,"column":null}},"6":{"start":{"line":86,"column":6},"end":{"line":86,"column":null}},"7":{"start":{"line":89,"column":4},"end":{"line":89,"column":null}},"8":{"start":{"line":99,"column":19},"end":{"line":99,"column":null}},"9":{"start":{"line":101,"column":4},"end":{"line":104,"column":null}},"10":{"start":{"line":103,"column":6},"end":{"line":103,"column":null}},"11":{"start":{"line":106,"column":21},"end":{"line":106,"column":null}},"12":{"start":{"line":108,"column":4},"end":{"line":108,"column":null}},"13":{"start":{"line":110,"column":4},"end":{"line":110,"column":null}},"14":{"start":{"line":120,"column":21},"end":{"line":120,"column":null}},"15":{"start":{"line":121,"column":30},"end":{"line":121,"column":null}},"16":{"start":{"line":123,"column":4},"end":{"line":125,"column":null}},"17":{"start":{"line":124,"column":6},"end":{"line":124,"column":null}},"18":{"start":{"line":127,"column":4},"end":{"line":127,"column":null}},"19":{"start":{"line":137,"column":4},"end":{"line":139,"column":null}},"20":{"start":{"line":138,"column":6},"end":{"line":138,"column":null}},"21":{"start":{"line":142,"column":4},"end":{"line":144,"column":null}},"22":{"start":{"line":143,"column":6},"end":{"line":143,"column":null}},"23":{"start":{"line":146,"column":29},"end":{"line":146,"column":null}},"24":{"start":{"line":148,"column":4},"end":{"line":148,"column":null}},"25":{"start":{"line":150,"column":4},"end":{"line":150,"column":null}},"26":{"start":{"line":161,"column":4},"end":{"line":163,"column":null}},"27":{"start":{"line":162,"column":6},"end":{"line":162,"column":null}},"28":{"start":{"line":165,"column":30},"end":{"line":165,"column":null}},"29":{"start":{"line":166,"column":21},"end":{"line":166,"column":null}},"30":{"start":{"line":168,"column":4},"end":{"line":168,"column":null}},"31":{"start":{"line":170,"column":4},"end":{"line":170,"column":null}},"32":{"start":{"line":182,"column":4},"end":{"line":197,"column":null}},"33":{"start":{"line":185,"column":10},"end":{"line":195,"column":null}},"34":{"start":{"line":189,"column":18},"end":{"line":193,"column":null}},"35":{"start":{"line":191,"column":22},"end":{"line":191,"column":null}},"36":{"start":{"line":203,"column":4},"end":{"line":203,"column":null}},"37":{"start":{"line":205,"column":4},"end":{"line":205,"column":null}}},"fnMap":{"0":{"name":"(anonymous_0)","decl":{"start":{"line":42,"column":2},"end":{"line":42,"column":6}},"loc":{"start":{"line":42,"column":49},"end":{"line":44,"column":null}}},"1":{"name":"(anonymous_1)","decl":{"start":{"line":49,"column":2},"end":{"line":49,"column":6}},"loc":{"start":{"line":49,"column":38},"end":{"line":51,"column":null}}},"2":{"name":"(anonymous_2)","decl":{"start":{"line":76,"column":2},"end":{"line":76,"column":null}},"loc":{"start":{"line":79,"column":4},"end":{"line":90,"column":null}}},"3":{"name":"(anonymous_3)","decl":{"start":{"line":98,"column":2},"end":{"line":98,"column":23}},"loc":{"start":{"line":98,"column":49},"end":{"line":111,"column":null}}},"4":{"name":"(anonymous_4)","decl":{"start":{"line":119,"column":2},"end":{"line":119,"column":34}},"loc":{"start":{"line":119,"column":78},"end":{"line":128,"column":null}}},"5":{"name":"(anonymous_5)","decl":{"start":{"line":136,"column":2},"end":{"line":136,"column":11}},"loc":{"start":{"line":136,"column":71},"end":{"line":151,"column":null}}},"6":{"name":"(anonymous_6)","decl":{"start":{"line":160,"column":2},"end":{"line":160,"column":19}},"loc":{"start":{"line":160,"column":72},"end":{"line":171,"column":null}}},"7":{"name":"(anonymous_7)","decl":{"start":{"line":184,"column":8},"end":{"line":184,"column":9}},"loc":{"start":{"line":185,"column":10},"end":{"line":195,"column":null}}},"8":{"name":"(anonymous_8)","decl":{"start":{"line":188,"column":16},"end":{"line":188,"column":17}},"loc":{"start":{"line":189,"column":18},"end":{"line":193,"column":null}}},"9":{"name":"(anonymous_9)","decl":{"start":{"line":190,"column":20},"end":{"line":190,"column":21}},"loc":{"start":{"line":191,"column":22},"end":{"line":191,"column":null}}},"10":{"name":"(anonymous_10)","decl":{"start":{"line":202,"column":2},"end":{"line":202,"column":14}},"loc":{"start":{"line":202,"column":40},"end":{"line":206,"column":null}}}},"branchMap":{"0":{"loc":{"start":{"line":85,"column":4},"end":{"line":87,"column":null}},"type":"if","locations":[{"start":{"line":85,"column":4},"end":{"line":87,"column":null}},{"start":{},"end":{}}]},"1":{"loc":{"start":{"line":101,"column":4},"end":{"line":104,"column":null}},"type":"if","locations":[{"start":{"line":101,"column":4},"end":{"line":104,"column":null}},{"start":{},"end":{}}]},"2":{"loc":{"start":{"line":123,"column":4},"end":{"line":125,"column":null}},"type":"if","locations":[{"start":{"line":123,"column":4},"end":{"line":125,"column":null}},{"start":{},"end":{}}]},"3":{"loc":{"start":{"line":137,"column":4},"end":{"line":139,"column":null}},"type":"if","locations":[{"start":{"line":137,"column":4},"end":{"line":139,"column":null}},{"start":{},"end":{}}]},"4":{"loc":{"start":{"line":142,"column":4},"end":{"line":144,"column":null}},"type":"if","locations":[{"start":{"line":142,"column":4},"end":{"line":144,"column":null}},{"start":{},"end":{}}]},"5":{"loc":{"start":{"line":161,"column":4},"end":{"line":163,"column":null}},"type":"if","locations":[{"start":{"line":161,"column":4},"end":{"line":163,"column":null}},{"start":{},"end":{}}]},"6":{"loc":{"start":{"line":187,"column":12},"end":{"line":194,"column":null}},"type":"cond-expr","locations":[{"start":{"line":188,"column":16},"end":{"line":193,"column":null}},{"start":{"line":194,"column":16},"end":{"line":194,"column":null}}]},"7":{"loc":{"start":{"line":188,"column":17},"end":{"line":188,"column":null}},"type":"default-arg","locations":[{"start":{"line":188,"column":49},"end":{"line":188,"column":null}}]}},"s":{"0":1,"1":1,"2":3,"3":3,"4":3,"5":3,"6":1,"7":2,"8":4,"9":4,"10":2,"11":2,"12":2,"13":2,"14":7,"15":7,"16":7,"17":3,"18":4,"19":4,"20":1,"21":3,"22":2,"23":1,"24":1,"25":1,"26":3,"27":1,"28":2,"29":2,"30":2,"31":2,"32":2,"33":4,"34":3,"35":1,"36":3,"37":3},"f":{"0":1,"1":1,"2":3,"3":4,"4":7,"5":4,"6":3,"7":4,"8":3,"9":1,"10":3},"b":{"0":[1,2],"1":[2,2],"2":[3,4],"3":[1,3],"4":[2,1],"5":[1,2],"6":[3,1],"7":[2]}}
}
