{"/Users/paullouismas/Git/i18n/src/lib/i18n.ts": {"path":"/Users/paullouismas/Git/i18n/src/lib/i18n.ts","statementMap":{"0":{"start":{"line":40,"column":4},"end":{"line":40,"column":null}},"1":{"start":{"line":47,"column":4},"end":{"line":47,"column":null}},"2":{"start":{"line":54,"column":4},"end":{"line":54,"column":null}},"3":{"start":{"line":57,"column":6},"end":{"line":68,"column":null}},"4":{"start":{"line":59,"column":24},"end":{"line":59,"column":null}},"5":{"start":{"line":60,"column":30},"end":{"line":60,"column":null}},"6":{"start":{"line":62,"column":10},"end":{"line":64,"column":null}},"7":{"start":{"line":63,"column":12},"end":{"line":63,"column":null}},"8":{"start":{"line":66,"column":10},"end":{"line":66,"column":null}},"9":{"start":{"line":95,"column":4},"end":{"line":95,"column":null}},"10":{"start":{"line":96,"column":4},"end":{"line":98,"column":null}},"11":{"start":{"line":100,"column":4},"end":{"line":102,"column":null}},"12":{"start":{"line":101,"column":6},"end":{"line":101,"column":null}},"13":{"start":{"line":104,"column":4},"end":{"line":104,"column":null}},"14":{"start":{"line":115,"column":43},"end":{"line":115,"column":null}},"15":{"start":{"line":117,"column":4},"end":{"line":127,"column":null}},"16":{"start":{"line":118,"column":6},"end":{"line":120,"column":null}},"17":{"start":{"line":119,"column":8},"end":{"line":119,"column":null}},"18":{"start":{"line":122,"column":6},"end":{"line":122,"column":null}},"19":{"start":{"line":124,"column":6},"end":{"line":126,"column":null}},"20":{"start":{"line":125,"column":8},"end":{"line":125,"column":null}},"21":{"start":{"line":129,"column":4},"end":{"line":131,"column":null}},"22":{"start":{"line":130,"column":6},"end":{"line":130,"column":null}},"23":{"start":{"line":133,"column":4},"end":{"line":133,"column":null}},"24":{"start":{"line":143,"column":19},"end":{"line":143,"column":null}},"25":{"start":{"line":145,"column":4},"end":{"line":148,"column":null}},"26":{"start":{"line":147,"column":6},"end":{"line":147,"column":null}},"27":{"start":{"line":150,"column":21},"end":{"line":150,"column":null}},"28":{"start":{"line":152,"column":4},"end":{"line":152,"column":null}},"29":{"start":{"line":154,"column":4},"end":{"line":154,"column":null}},"30":{"start":{"line":164,"column":21},"end":{"line":164,"column":null}},"31":{"start":{"line":165,"column":30},"end":{"line":165,"column":null}},"32":{"start":{"line":167,"column":4},"end":{"line":169,"column":null}},"33":{"start":{"line":168,"column":6},"end":{"line":168,"column":null}},"34":{"start":{"line":171,"column":4},"end":{"line":171,"column":null}},"35":{"start":{"line":181,"column":4},"end":{"line":183,"column":null}},"36":{"start":{"line":182,"column":6},"end":{"line":182,"column":null}},"37":{"start":{"line":185,"column":4},"end":{"line":185,"column":null}},"38":{"start":{"line":196,"column":4},"end":{"line":198,"column":null}},"39":{"start":{"line":197,"column":6},"end":{"line":197,"column":null}},"40":{"start":{"line":200,"column":30},"end":{"line":200,"column":null}},"41":{"start":{"line":201,"column":21},"end":{"line":201,"column":null}},"42":{"start":{"line":203,"column":4},"end":{"line":203,"column":null}},"43":{"start":{"line":205,"column":4},"end":{"line":205,"column":null}},"44":{"start":{"line":211,"column":4},"end":{"line":211,"column":null}},"45":{"start":{"line":213,"column":4},"end":{"line":213,"column":null}},"46":{"start":{"line":215,"column":4},"end":{"line":215,"column":null}},"47":{"start":{"line":221,"column":4},"end":{"line":221,"column":null}},"48":{"start":{"line":223,"column":4},"end":{"line":223,"column":null}},"49":{"start":{"line":225,"column":4},"end":{"line":225,"column":null}}},"fnMap":{"0":{"name":"(anonymous_0)","decl":{"start":{"line":39,"column":2},"end":{"line":39,"column":6}},"loc":{"start":{"line":39,"column":49},"end":{"line":41,"column":null}}},"1":{"name":"(anonymous_1)","decl":{"start":{"line":46,"column":2},"end":{"line":46,"column":6}},"loc":{"start":{"line":46,"column":38},"end":{"line":48,"column":null}}},"2":{"name":"(anonymous_2)","decl":{"start":{"line":53,"column":2},"end":{"line":53,"column":6}},"loc":{"start":{"line":53,"column":50},"end":{"line":70,"column":null}}},"3":{"name":"_","decl":{"start":{"line":56,"column":13},"end":{"line":56,"column":15}},"loc":{"start":{"line":56,"column":57},"end":{"line":69,"column":null}}},"4":{"name":"(anonymous_4)","decl":{"start":{"line":58,"column":8},"end":{"line":58,"column":12}},"loc":{"start":{"line":58,"column":31},"end":{"line":67,"column":null}}},"5":{"name":"(anonymous_5)","decl":{"start":{"line":91,"column":2},"end":{"line":91,"column":null}},"loc":{"start":{"line":94,"column":4},"end":{"line":105,"column":null}}},"6":{"name":"(anonymous_6)","decl":{"start":{"line":114,"column":2},"end":{"line":114,"column":13}},"loc":{"start":{"line":114,"column":66},"end":{"line":134,"column":null}}},"7":{"name":"(anonymous_7)","decl":{"start":{"line":142,"column":2},"end":{"line":142,"column":23}},"loc":{"start":{"line":142,"column":49},"end":{"line":155,"column":null}}},"8":{"name":"(anonymous_8)","decl":{"start":{"line":163,"column":2},"end":{"line":163,"column":34}},"loc":{"start":{"line":163,"column":78},"end":{"line":172,"column":null}}},"9":{"name":"(anonymous_9)","decl":{"start":{"line":180,"column":2},"end":{"line":180,"column":11}},"loc":{"start":{"line":180,"column":53},"end":{"line":186,"column":null}}},"10":{"name":"(anonymous_10)","decl":{"start":{"line":195,"column":2},"end":{"line":195,"column":19}},"loc":{"start":{"line":195,"column":72},"end":{"line":206,"column":null}}},"11":{"name":"(anonymous_11)","decl":{"start":{"line":210,"column":2},"end":{"line":210,"column":16}},"loc":{"start":{"line":210,"column":16},"end":{"line":216,"column":null}}},"12":{"name":"(anonymous_12)","decl":{"start":{"line":220,"column":2},"end":{"line":220,"column":14}},"loc":{"start":{"line":220,"column":40},"end":{"line":226,"column":null}}}},"branchMap":{"0":{"loc":{"start":{"line":62,"column":10},"end":{"line":64,"column":null}},"type":"if","locations":[{"start":{"line":62,"column":10},"end":{"line":64,"column":null}},{"start":{},"end":{}}]},"1":{"loc":{"start":{"line":100,"column":4},"end":{"line":102,"column":null}},"type":"if","locations":[{"start":{"line":100,"column":4},"end":{"line":102,"column":null}},{"start":{},"end":{}}]},"2":{"loc":{"start":{"line":118,"column":6},"end":{"line":120,"column":null}},"type":"if","locations":[{"start":{"line":118,"column":6},"end":{"line":120,"column":null}},{"start":{},"end":{}}]},"3":{"loc":{"start":{"line":124,"column":6},"end":{"line":126,"column":null}},"type":"if","locations":[{"start":{"line":124,"column":6},"end":{"line":126,"column":null}},{"start":{},"end":{}}]},"4":{"loc":{"start":{"line":129,"column":4},"end":{"line":131,"column":null}},"type":"if","locations":[{"start":{"line":129,"column":4},"end":{"line":131,"column":null}},{"start":{},"end":{}}]},"5":{"loc":{"start":{"line":145,"column":4},"end":{"line":148,"column":null}},"type":"if","locations":[{"start":{"line":145,"column":4},"end":{"line":148,"column":null}},{"start":{},"end":{}}]},"6":{"loc":{"start":{"line":167,"column":4},"end":{"line":169,"column":null}},"type":"if","locations":[{"start":{"line":167,"column":4},"end":{"line":169,"column":null}},{"start":{},"end":{}}]},"7":{"loc":{"start":{"line":181,"column":4},"end":{"line":183,"column":null}},"type":"if","locations":[{"start":{"line":181,"column":4},"end":{"line":183,"column":null}},{"start":{},"end":{}}]},"8":{"loc":{"start":{"line":196,"column":4},"end":{"line":198,"column":null}},"type":"if","locations":[{"start":{"line":196,"column":4},"end":{"line":198,"column":null}},{"start":{},"end":{}}]}},"s":{"0":1,"1":4,"2":3,"3":6,"4":6,"5":6,"6":6,"7":3,"8":3,"9":3,"10":3,"11":3,"12":1,"13":2,"14":4,"15":4,"16":7,"17":1,"18":6,"19":6,"20":1,"21":2,"22":1,"23":1,"24":4,"25":4,"26":2,"27":2,"28":2,"29":2,"30":7,"31":7,"32":7,"33":3,"34":4,"35":7,"36":1,"37":6,"38":3,"39":1,"40":2,"41":2,"42":2,"43":2,"44":3,"45":3,"46":3,"47":3,"48":3,"49":3},"f":{"0":1,"1":4,"2":3,"3":6,"4":6,"5":3,"6":4,"7":4,"8":7,"9":7,"10":3,"11":3,"12":3},"b":{"0":[3,3],"1":[1,2],"2":[1,6],"3":[1,5],"4":[1,1],"5":[2,2],"6":[3,4],"7":[1,6],"8":[1,2]}}
}
